

===========================================================================
time:2016/01/26 00:34:01

Error Info:
MESSAGE: Undefined index: HTTP_USER_AGENT
TYPE: Notice
FILE: /www/LJL/LJL/Http.php
LINE: 263

Stack trace:
Exception 'LJL_Error' with message 'Undefined index: HTTP_USER_AGENT' 
#1 /www/LJL/Html/Blog_cui/index.php(49):
LJL_Controller_Front::run()  
#2 /www/LJL/LJL/Controller/Front.php(59):
Blog_Page_Default->validate(Object(LJL_Request), Object(LJL_Response))  
#3 /www/LJL/App/Blog/Page/Default.php(18):
Blog_Page_Abstract->baseValidate(Object(LJL_Request), Object(LJL_Response))  
#4 /www/LJL/App/Blog/Page/Abstract.php(35):
LJL_Http::isRobot()  
Debug Info:
259      */

260     public static function isRobot($useragent=''){

261         $spiders = array('bot', 'crawl', 'spider', 'slurp', 'sohu-search', 'lycos', 'robozilla');

262         $browsers= array('msie', 'netscape', 'opera', 'konqueror', 'mozilla');

 >>263         $useragent = strtolower(empty($useragent) ? $_SERVER['HTTP_USER_AGENT'] : $useragent);

264         

265         if(strpos($useragent, 'http://')===false &amp;&amp; API_Item_Base_Array::isArrvalInStr($useragent, $browsers))

266             return false;

267         if(API_Item_Base_Array::isArrvalInStr($useragent, $spiders))

268             return true;


===========================================================================
time:2016/01/26 00:40:26

Error Info:
MESSAGE: Undefined index: HTTP_USER_AGENT
TYPE: Notice
FILE: /www/LJL/LJL/Http.php
LINE: 263

Stack trace:
Exception 'LJL_Error' with message 'Undefined index: HTTP_USER_AGENT' 
#1 /www/LJL/Html/Blog_cui/index.php(49):
LJL_Controller_Front::run()  
#2 /www/LJL/LJL/Controller/Front.php(59):
Blog_Page_Default->validate(Object(LJL_Request), Object(LJL_Response))  
#3 /www/LJL/App/Blog/Page/Default.php(18):
Blog_Page_Abstract->baseValidate(Object(LJL_Request), Object(LJL_Response))  
#4 /www/LJL/App/Blog/Page/Abstract.php(35):
LJL_Http::isRobot()  
Debug Info:
259      */

260     public static function isRobot($useragent=''){

261         $spiders = array('bot', 'crawl', 'spider', 'slurp', 'sohu-search', 'lycos', 'robozilla');

262         $browsers= array('msie', 'netscape', 'opera', 'konqueror', 'mozilla');

 >>263         $useragent = strtolower(empty($useragent) ? $_SERVER['HTTP_USER_AGENT'] : $useragent);

264         

265         if(strpos($useragent, 'http://')===false &amp;&amp; API_Item_Base_Array::isArrvalInStr($useragent, $browsers))

266             return false;

267         if(API_Item_Base_Array::isArrvalInStr($useragent, $spiders))

268             return true;


===========================================================================
time:2016/01/26 00:46:46

Error Info:
MESSAGE: Undefined index: HTTP_USER_AGENT
TYPE: Notice
FILE: /www/LJL/LJL/Http.php
LINE: 263

Stack trace:
Exception 'LJL_Error' with message 'Undefined index: HTTP_USER_AGENT' 
#1 /www/LJL/Html/Blog_cui/index.php(49):
LJL_Controller_Front::run()  
#2 /www/LJL/LJL/Controller/Front.php(59):
Blog_Page_Default->validate(Object(LJL_Request), Object(LJL_Response))  
#3 /www/LJL/App/Blog/Page/Default.php(18):
Blog_Page_Abstract->baseValidate(Object(LJL_Request), Object(LJL_Response))  
#4 /www/LJL/App/Blog/Page/Abstract.php(35):
LJL_Http::isRobot()  
Debug Info:
259      */

260     public static function isRobot($useragent=''){

261         $spiders = array('bot', 'crawl', 'spider', 'slurp', 'sohu-search', 'lycos', 'robozilla');

262         $browsers= array('msie', 'netscape', 'opera', 'konqueror', 'mozilla');

 >>263         $useragent = strtolower(empty($useragent) ? $_SERVER['HTTP_USER_AGENT'] : $useragent);

264         

265         if(strpos($useragent, 'http://')===false &amp;&amp; API_Item_Base_Array::isArrvalInStr($useragent, $browsers))

266             return false;

267         if(API_Item_Base_Array::isArrvalInStr($useragent, $spiders))

268             return true;


===========================================================================
time:2016/01/26 00:52:59

Error Info:
MESSAGE: Undefined index: HTTP_USER_AGENT
TYPE: Notice
FILE: /www/LJL/LJL/Http.php
LINE: 263

Stack trace:
Exception 'LJL_Error' with message 'Undefined index: HTTP_USER_AGENT' 
#1 /www/LJL/Html/Blog_cui/index.php(49):
LJL_Controller_Front::run()  
#2 /www/LJL/LJL/Controller/Front.php(59):
Blog_Page_Default->validate(Object(LJL_Request), Object(LJL_Response))  
#3 /www/LJL/App/Blog/Page/Default.php(18):
Blog_Page_Abstract->baseValidate(Object(LJL_Request), Object(LJL_Response))  
#4 /www/LJL/App/Blog/Page/Abstract.php(35):
LJL_Http::isRobot()  
Debug Info:
259      */

260     public static function isRobot($useragent=''){

261         $spiders = array('bot', 'crawl', 'spider', 'slurp', 'sohu-search', 'lycos', 'robozilla');

262         $browsers= array('msie', 'netscape', 'opera', 'konqueror', 'mozilla');

 >>263         $useragent = strtolower(empty($useragent) ? $_SERVER['HTTP_USER_AGENT'] : $useragent);

264         

265         if(strpos($useragent, 'http://')===false &amp;&amp; API_Item_Base_Array::isArrvalInStr($useragent, $browsers))

266             return false;

267         if(API_Item_Base_Array::isArrvalInStr($useragent, $spiders))

268             return true;


===========================================================================
time:2016/01/26 00:59:09

Error Info:
MESSAGE: Undefined index: HTTP_USER_AGENT
TYPE: Notice
FILE: /www/LJL/LJL/Http.php
LINE: 263

Stack trace:
Exception 'LJL_Error' with message 'Undefined index: HTTP_USER_AGENT' 
#1 /www/LJL/Html/Blog_cui/index.php(49):
LJL_Controller_Front::run()  
#2 /www/LJL/LJL/Controller/Front.php(59):
Blog_Page_Default->validate(Object(LJL_Request), Object(LJL_Response))  
#3 /www/LJL/App/Blog/Page/Default.php(18):
Blog_Page_Abstract->baseValidate(Object(LJL_Request), Object(LJL_Response))  
#4 /www/LJL/App/Blog/Page/Abstract.php(35):
LJL_Http::isRobot()  
Debug Info:
259      */

260     public static function isRobot($useragent=''){

261         $spiders = array('bot', 'crawl', 'spider', 'slurp', 'sohu-search', 'lycos', 'robozilla');

262         $browsers= array('msie', 'netscape', 'opera', 'konqueror', 'mozilla');

 >>263         $useragent = strtolower(empty($useragent) ? $_SERVER['HTTP_USER_AGENT'] : $useragent);

264         

265         if(strpos($useragent, 'http://')===false &amp;&amp; API_Item_Base_Array::isArrvalInStr($useragent, $browsers))

266             return false;

267         if(API_Item_Base_Array::isArrvalInStr($useragent, $spiders))

268             return true;


===========================================================================
time:2016/01/26 01:05:36

Error Info:
MESSAGE: Undefined index: HTTP_USER_AGENT
TYPE: Notice
FILE: /www/LJL/LJL/Http.php
LINE: 263

Stack trace:
Exception 'LJL_Error' with message 'Undefined index: HTTP_USER_AGENT' 
#1 /www/LJL/Html/Blog_cui/index.php(49):
LJL_Controller_Front::run()  
#2 /www/LJL/LJL/Controller/Front.php(59):
Blog_Page_Default->validate(Object(LJL_Request), Object(LJL_Response))  
#3 /www/LJL/App/Blog/Page/Default.php(18):
Blog_Page_Abstract->baseValidate(Object(LJL_Request), Object(LJL_Response))  
#4 /www/LJL/App/Blog/Page/Abstract.php(35):
LJL_Http::isRobot()  
Debug Info:
259      */

260     public static function isRobot($useragent=''){

261         $spiders = array('bot', 'crawl', 'spider', 'slurp', 'sohu-search', 'lycos', 'robozilla');

262         $browsers= array('msie', 'netscape', 'opera', 'konqueror', 'mozilla');

 >>263         $useragent = strtolower(empty($useragent) ? $_SERVER['HTTP_USER_AGENT'] : $useragent);

264         

265         if(strpos($useragent, 'http://')===false &amp;&amp; API_Item_Base_Array::isArrvalInStr($useragent, $browsers))

266             return false;

267         if(API_Item_Base_Array::isArrvalInStr($useragent, $spiders))

268             return true;


===========================================================================
time:2016/01/26 08:56:22

Error Info:
MESSAGE: Missing argument 1 for API_Item_Open_Weixin::getAnswerBaseXml(), called in /APILJL/API/Item/Open/Weixin.php on line 142 and defined
TYPE: Warning
FILE: /APILJL/API/Item/Open/Weixin.php
LINE: 122

Stack trace:
Exception 'LJL_Error' with message 'Missing argument 1 for API_Item_Open_Weixin::getAnswerBaseXml(), called in /APILJL/API/Item/Open/Weixin.php on line 142 and defined' 
#1 /www/LJL/Html/Bloghome/index.php(52):
LJL_Controller_Front::run()  
#2 /www/LJL/LJL/Controller/Front.php(65):
Blog_Page_Api_Weixin->doWeixin(Object(LJL_Request), Object(LJL_Response))  
#3 /www/LJL/App/Blog/Page/Api/Weixin.php(80):
LJL_Api::run('Open.Weixin.answerText', array)  
#4 /APILJL/Api.php(125):
call_user_func_array(array, array)  
#5 API_Item_Open_Weixin::answerText(array)  
#6 /APILJL/API/Item/Open/Weixin.php(142):
API_Item_Open_Weixin::getAnswerBaseXml()  
Debug Info:
118 

119     /**

120      * 获得回复消息的通用部分

121      */

 >>122     private static function getAnswerBaseXml($type){

123         return &quot;&lt;xml&gt;

124                 &lt;ToUserName&gt;&lt;![CDATA[&quot;. self::$userOpenId .&quot;]]&gt;&lt;/ToUserName&gt;

125                 &lt;FromUserName&gt;&lt;![CDATA[&quot;. self::$ourWxId .&quot;]]&gt;&lt;/FromUserName&gt;

126                 &lt;CreateTime&gt;&quot;.SYSTEM_TIME.&quot;&lt;/CreateTime&gt;

127                 &quot;;


===========================================================================
time:2016/01/26 08:56:32

Error Info:
MESSAGE: Missing argument 1 for API_Item_Open_Weixin::getAnswerBaseXml(), called in /APILJL/API/Item/Open/Weixin.php on line 142 and defined
TYPE: Warning
FILE: /APILJL/API/Item/Open/Weixin.php
LINE: 122

Stack trace:
Exception 'LJL_Error' with message 'Missing argument 1 for API_Item_Open_Weixin::getAnswerBaseXml(), called in /APILJL/API/Item/Open/Weixin.php on line 142 and defined' 
#1 /www/LJL/Html/Bloghome/index.php(52):
LJL_Controller_Front::run()  
#2 /www/LJL/LJL/Controller/Front.php(65):
Blog_Page_Api_Weixin->doWeixin(Object(LJL_Request), Object(LJL_Response))  
#3 /www/LJL/App/Blog/Page/Api/Weixin.php(80):
LJL_Api::run('Open.Weixin.answerText', array)  
#4 /APILJL/Api.php(125):
call_user_func_array(array, array)  
#5 API_Item_Open_Weixin::answerText(array)  
#6 /APILJL/API/Item/Open/Weixin.php(142):
API_Item_Open_Weixin::getAnswerBaseXml()  
Debug Info:
118 

119     /**

120      * 获得回复消息的通用部分

121      */

 >>122     private static function getAnswerBaseXml($type){

123         return &quot;&lt;xml&gt;

124                 &lt;ToUserName&gt;&lt;![CDATA[&quot;. self::$userOpenId .&quot;]]&gt;&lt;/ToUserName&gt;

125                 &lt;FromUserName&gt;&lt;![CDATA[&quot;. self::$ourWxId .&quot;]]&gt;&lt;/FromUserName&gt;

126                 &lt;CreateTime&gt;&quot;.SYSTEM_TIME.&quot;&lt;/CreateTime&gt;

127                 &quot;;


===========================================================================
time:2016/01/26 09:17:42

Error Info:
MESSAGE: Undefined index: HTTP_USER_AGENT
TYPE: Notice
FILE: /www/LJL/LJL/Http.php
LINE: 263

Stack trace:
Exception 'LJL_Error' with message 'Undefined index: HTTP_USER_AGENT' 
#1 /www/LJL/Html/Bloghome/index.php(52):
LJL_Controller_Front::run()  
#2 /www/LJL/LJL/Controller/Front.php(59):
Blog_Page_Default->validate(Object(LJL_Request), Object(LJL_Response))  
#3 /www/LJL/App/Blog/Page/Default.php(18):
Blog_Page_Abstract->baseValidate(Object(LJL_Request), Object(LJL_Response))  
#4 /www/LJL/App/Blog/Page/Abstract.php(35):
LJL_Http::isRobot()  
Debug Info:
259      */

260     public static function isRobot($useragent=''){

261         $spiders = array('bot', 'crawl', 'spider', 'slurp', 'sohu-search', 'lycos', 'robozilla');

262         $browsers= array('msie', 'netscape', 'opera', 'konqueror', 'mozilla');

 >>263         $useragent = strtolower(empty($useragent) ? $_SERVER['HTTP_USER_AGENT'] : $useragent);

264         

265         if(strpos($useragent, 'http://')===false &amp;&amp; API_Item_Base_Array::isArrvalInStr($useragent, $browsers))

266             return false;

267         if(API_Item_Base_Array::isArrvalInStr($useragent, $spiders))

268             return true;
