

===========================================================================
time:2016/01/29 02:12:48

Error Info:
MESSAGE: Undefined index: HTTP_USER_AGENT
TYPE: Notice
FILE: /www/LJL/LJL/Http.php
LINE: 263

Stack trace:
Exception 'LJL_Error' with message 'Undefined index: HTTP_USER_AGENT' 
#1 /www/LJL/Html/Blog_share/index.php(50):
LJL_Controller_Front::run()  
#2 /www/LJL/LJL/Controller/Front.php(59):
Blog_Page_Default->validate(Object(LJL_Request), Object(LJL_Response))  
#3 /www/LJL/App/Blog/Page/Default.php(18):
Blog_Page_Abstract->baseValidate(Object(LJL_Request), Object(LJL_Response))  
#4 /www/LJL/App/Blog/Page/Abstract.php(35):
LJL_Http::isRobot()  
Debug Info:
259      */

260     public static function isRobot($useragent=''){

261         $spiders = array('bot', 'crawl', 'spider', 'slurp', 'sohu-search', 'lycos', 'robozilla');

262         $browsers= array('msie', 'netscape', 'opera', 'konqueror', 'mozilla');

 >>263         $useragent = strtolower(empty($useragent) ? $_SERVER['HTTP_USER_AGENT'] : $useragent);

264         

265         if(strpos($useragent, 'http://')===false &amp;&amp; API_Item_Base_Array::isArrvalInStr($useragent, $browsers))

266             return false;

267         if(API_Item_Base_Array::isArrvalInStr($useragent, $spiders))

268             return true;


===========================================================================
time:2016/01/29 02:18:57

Error Info:
MESSAGE: Undefined index: HTTP_USER_AGENT
TYPE: Notice
FILE: /www/LJL/LJL/Http.php
LINE: 263

Stack trace:
Exception 'LJL_Error' with message 'Undefined index: HTTP_USER_AGENT' 
#1 /www/LJL/Html/Blog_share/index.php(50):
LJL_Controller_Front::run()  
#2 /www/LJL/LJL/Controller/Front.php(59):
Blog_Page_Default->validate(Object(LJL_Request), Object(LJL_Response))  
#3 /www/LJL/App/Blog/Page/Default.php(18):
Blog_Page_Abstract->baseValidate(Object(LJL_Request), Object(LJL_Response))  
#4 /www/LJL/App/Blog/Page/Abstract.php(35):
LJL_Http::isRobot()  
Debug Info:
259      */

260     public static function isRobot($useragent=''){

261         $spiders = array('bot', 'crawl', 'spider', 'slurp', 'sohu-search', 'lycos', 'robozilla');

262         $browsers= array('msie', 'netscape', 'opera', 'konqueror', 'mozilla');

 >>263         $useragent = strtolower(empty($useragent) ? $_SERVER['HTTP_USER_AGENT'] : $useragent);

264         

265         if(strpos($useragent, 'http://')===false &amp;&amp; API_Item_Base_Array::isArrvalInStr($useragent, $browsers))

266             return false;

267         if(API_Item_Base_Array::isArrvalInStr($useragent, $spiders))

268             return true;


===========================================================================
time:2016/01/29 02:44:06

Error Info:
MESSAGE: Undefined index: HTTP_USER_AGENT
TYPE: Notice
FILE: /www/LJL/LJL/Http.php
LINE: 263

Stack trace:
Exception 'LJL_Error' with message 'Undefined index: HTTP_USER_AGENT' 
#1 /www/LJL/Html/Blog_share/index.php(50):
LJL_Controller_Front::run()  
#2 /www/LJL/LJL/Controller/Front.php(59):
Blog_Page_Default->validate(Object(LJL_Request), Object(LJL_Response))  
#3 /www/LJL/App/Blog/Page/Default.php(18):
Blog_Page_Abstract->baseValidate(Object(LJL_Request), Object(LJL_Response))  
#4 /www/LJL/App/Blog/Page/Abstract.php(35):
LJL_Http::isRobot()  
Debug Info:
259      */

260     public static function isRobot($useragent=''){

261         $spiders = array('bot', 'crawl', 'spider', 'slurp', 'sohu-search', 'lycos', 'robozilla');

262         $browsers= array('msie', 'netscape', 'opera', 'konqueror', 'mozilla');

 >>263         $useragent = strtolower(empty($useragent) ? $_SERVER['HTTP_USER_AGENT'] : $useragent);

264         

265         if(strpos($useragent, 'http://')===false &amp;&amp; API_Item_Base_Array::isArrvalInStr($useragent, $browsers))

266             return false;

267         if(API_Item_Base_Array::isArrvalInStr($useragent, $spiders))

268             return true;
