

===========================================================================
time:2016/02/03 12:13:42

Error Info:
MESSAGE: You have an error in your SQL syntax; check the manual that corresponds to your MariaDB server version for the right syntax to use near 'soap' in /usr/local/apache2/htdocs/typt/php-ews/ExchangeWebServices.php on line ' at line 1
TYPE: User Warning
FILE: /www/LJL/LJL/Abstract/Pdo.php
LINE: 267

Stack trace:
Exception 'LJL_Error' with message 'You have an error in your SQL syntax; check the manual that corresponds to your MariaDB server version for the right syntax to use near 'soap' in /usr/local/apache2/htdocs/typt/php-ews/ExchangeWebServices.php on line ' at line 1' 
#1 /www/LJL/Html/Blog_cui/index.php(49):
LJL_Controller_Front::run()  
#2 /www/LJL/LJL/Controller/Front.php(65):
Blog_Page_Ajax_Comment->doComment(Object(LJL_Request), Object(LJL_Response))  
#3 /www/LJL/App/Blog/Page/Ajax/Comment.php(43):
Helper_Blog::insertComment(array)  
#4 /www/LJL/Helper/Blog.php(496):
LJL_Abstract_Pdo->query('INSERT INTO blog_comment(`articleId`,`user`,`touser`,`time`,`comment`) VALUES('10','熊猫','','1454472822','^_^，谢谢。我加你微信了。我在构造$request的时候。发现$request大部分为null然后造成执行FindItem 方法是返回401错误部分调试错误信息我贴出来Warning: Creating default object from empty value in /usr/local/apache2/htdocs/typt/ews.php on line 93object(EWSType_FindItemParentType)#2 (11) { ["AbsoluteDenominator"]=&gt; NULL ["Groups"]=&gt; NULL ["IncludesLastItemInRange"]=&gt; NULL ["IndexedPagingOffset"]=&gt; NULL ["Items"]=&gt; NULL ["NumeratorOffset"]=&gt; NULL ["TotalItemsInView"]=&gt; NULL ["ItemShape"]=&gt; object(EWSType_ItemResponseShapeType)#3 (6) { ["AdditionalProperties"]=&gt; NULL ["BaseShape"]=&gt; string(13) "AllProperties" ["BodyType"]=&gt; NULL ["ConvertHtmlCodePageToUTF8"]=&gt; NULL ["FilterHtmlContent"]=&gt; NULL ["IncludeMimeContent"]=&gt; NULL } ["ContactsView"]=&gt; object(EWSType_ContactsViewType)#4 (3) { ["FinalName"]=&gt; string(1) "z" ["InitialName"]=&gt; string(1) "a" ["MaxEntriesReturned"]=&gt; NULL } ["ParentFolderIds"]=&gt; object(stdClass)#6 (1) { ["DistinguishedFolderId"]=&gt; object(EWSType_DistinguishedFolderIdType)#5 (3) { ["ChangeKey"]=&gt; NULL ["Id"]=&gt; string(8) "contacts" ["Mailbox"]=&gt; NULL } } ["Traversal"]=&gt; string(7) "Shallow" } **********************************************FindItem##############################################/usr/local/apache2/htdocs/typt/php-ews/wsdl/services.wsdlhttps://mail.ztgame.com/EWS/Exchange.asmx***************************************************Notice: Use of undefined constant soap - assumed 'soap' in /usr/local/apache2/htdocs/typt/php-ews/ExchangeWebServices.php on line 1205Notice: Object of class ExchangeWebServices could not be converted to int in /usr/local/apache2/htdocs/typt/php-ews/ExchangeWebServices.php on line 1205int(1) ******************************************************initializeSoapClientNotice: Use of undefined constant soap - assumed 'soap' in /usr/local/apache2/htdocs/typt/php-ews/ExchangeWebServices.php on line 1207Notice: Object of class ExchangeWebServices could not be converted to int in /usr/local/apache2/htdocs/typt/php-ews/ExchangeWebServices.php on line 1207int(1) &&&&&&&&&&&&&&&&&&&&&&&&***************************************Fatal error: Uncaught exception 'EWS_Exception' with message 'SOAP client returned status of 401' in /usr/local/apache2/htdocs/typt/php-ews/ExchangeWebServices.php:1227 Stack trace: #0 /usr/local/apache2/htdocs/typt/php-ews/ExchangeWebServices.php(549): ExchangeWebServices-&gt;processResponse(NULL) #1 /usr/local/apache2/htdocs/typt/ews.php(97): ExchangeWebServices-&gt;FindItem(Object(EWSType_FindItemParentType)) #2 /usr/local/apache2/htdocs/typt/ews.php(99): t3() #3 {main} thrown in /usr/local/apache2/htdocs/typt/php-ews/ExchangeWebServices.php on line 1227')')  
#5 /www/LJL/LJL/Abstract/Pdo.php(267):
trigger_error('You have an error in your SQL syntax; check the manual that corresponds to your MariaDB server version for the right syntax to use near 'soap' in /usr/local/apache2/htdocs/typt/php-ews/ExchangeWebServices.php on line ' at line 1', '512')  
Debug Info:
263                     sleep($reconnectNum);

264                 }

265                 return $this-&gt;query($sql);

266             }

 >>267 			trigger_error($error[2], E_USER_WARNING);

268 		}

269         $reconnectNum = 0;

270 

271 		#添加日志功能

272 		if(IS_DEBUGGING &amp;&amp; isset ($_SERVER[&quot;REQUEST_URI&quot;])){


===========================================================================
time:2016/02/03 12:13:51

Error Info:
MESSAGE: You have an error in your SQL syntax; check the manual that corresponds to your MariaDB server version for the right syntax to use near 'soap' in /usr/local/apache2/htdocs/typt/php-ews/ExchangeWebServices.php on line ' at line 1
TYPE: User Warning
FILE: /www/LJL/LJL/Abstract/Pdo.php
LINE: 267

Stack trace:
Exception 'LJL_Error' with message 'You have an error in your SQL syntax; check the manual that corresponds to your MariaDB server version for the right syntax to use near 'soap' in /usr/local/apache2/htdocs/typt/php-ews/ExchangeWebServices.php on line ' at line 1' 
#1 /www/LJL/Html/Blog_cui/index.php(49):
LJL_Controller_Front::run()  
#2 /www/LJL/LJL/Controller/Front.php(65):
Blog_Page_Ajax_Comment->doComment(Object(LJL_Request), Object(LJL_Response))  
#3 /www/LJL/App/Blog/Page/Ajax/Comment.php(43):
Helper_Blog::insertComment(array)  
#4 /www/LJL/Helper/Blog.php(496):
LJL_Abstract_Pdo->query('INSERT INTO blog_comment(`articleId`,`user`,`touser`,`time`,`comment`) VALUES('10','熊猫','','1454472831','^_^，谢谢。我加你微信了。我在构造$request的时候。发现$request大部分为null然后造成执行FindItem 方法是返回401错误部分调试错误信息我贴出来Warning: Creating default object from empty value in /usr/local/apache2/htdocs/typt/ews.php on line 93object(EWSType_FindItemParentType)#2 (11) { ["AbsoluteDenominator"]=&gt; NULL ["Groups"]=&gt; NULL ["IncludesLastItemInRange"]=&gt; NULL ["IndexedPagingOffset"]=&gt; NULL ["Items"]=&gt; NULL ["NumeratorOffset"]=&gt; NULL ["TotalItemsInView"]=&gt; NULL ["ItemShape"]=&gt; object(EWSType_ItemResponseShapeType)#3 (6) { ["AdditionalProperties"]=&gt; NULL ["BaseShape"]=&gt; string(13) "AllProperties" ["BodyType"]=&gt; NULL ["ConvertHtmlCodePageToUTF8"]=&gt; NULL ["FilterHtmlContent"]=&gt; NULL ["IncludeMimeContent"]=&gt; NULL } ["ContactsView"]=&gt; object(EWSType_ContactsViewType)#4 (3) { ["FinalName"]=&gt; string(1) "z" ["InitialName"]=&gt; string(1) "a" ["MaxEntriesReturned"]=&gt; NULL } ["ParentFolderIds"]=&gt; object(stdClass)#6 (1) { ["DistinguishedFolderId"]=&gt; object(EWSType_DistinguishedFolderIdType)#5 (3) { ["ChangeKey"]=&gt; NULL ["Id"]=&gt; string(8) "contacts" ["Mailbox"]=&gt; NULL } } ["Traversal"]=&gt; string(7) "Shallow" } **********************************************FindItem##############################################/usr/local/apache2/htdocs/typt/php-ews/wsdl/services.wsdlhttps://mail.ztgame.com/EWS/Exchange.asmx***************************************************Notice: Use of undefined constant soap - assumed 'soap' in /usr/local/apache2/htdocs/typt/php-ews/ExchangeWebServices.php on line 1205Notice: Object of class ExchangeWebServices could not be converted to int in /usr/local/apache2/htdocs/typt/php-ews/ExchangeWebServices.php on line 1205int(1) ******************************************************initializeSoapClientNotice: Use of undefined constant soap - assumed 'soap' in /usr/local/apache2/htdocs/typt/php-ews/ExchangeWebServices.php on line 1207Notice: Object of class ExchangeWebServices could not be converted to int in /usr/local/apache2/htdocs/typt/php-ews/ExchangeWebServices.php on line 1207int(1) &&&&&&&&&&&&&&&&&&&&&&&&***************************************Fatal error: Uncaught exception 'EWS_Exception' with message 'SOAP client returned status of 401' in /usr/local/apache2/htdocs/typt/php-ews/ExchangeWebServices.php:1227 Stack trace: #0 /usr/local/apache2/htdocs/typt/php-ews/ExchangeWebServices.php(549): ExchangeWebServices-&gt;processResponse(NULL) #1 /usr/local/apache2/htdocs/typt/ews.php(97): ExchangeWebServices-&gt;FindItem(Object(EWSType_FindItemParentType)) #2 /usr/local/apache2/htdocs/typt/ews.php(99): t3() #3 {main} thrown in /usr/local/apache2/htdocs/typt/php-ews/ExchangeWebServices.php on line 1227')')  
#5 /www/LJL/LJL/Abstract/Pdo.php(267):
trigger_error('You have an error in your SQL syntax; check the manual that corresponds to your MariaDB server version for the right syntax to use near 'soap' in /usr/local/apache2/htdocs/typt/php-ews/ExchangeWebServices.php on line ' at line 1', '512')  
Debug Info:
263                     sleep($reconnectNum);

264                 }

265                 return $this-&gt;query($sql);

266             }

 >>267 			trigger_error($error[2], E_USER_WARNING);

268 		}

269         $reconnectNum = 0;

270 

271 		#添加日志功能

272 		if(IS_DEBUGGING &amp;&amp; isset ($_SERVER[&quot;REQUEST_URI&quot;])){


===========================================================================
time:2016/02/03 12:15:44

Error Info:
MESSAGE: You have an error in your SQL syntax; check the manual that corresponds to your MariaDB server version for the right syntax to use near 'EWS_Exception' with message 'SOAP client returned status of 401' in /usr/local/a' at line 1
TYPE: User Warning
FILE: /www/LJL/LJL/Abstract/Pdo.php
LINE: 267

Stack trace:
Exception 'LJL_Error' with message 'You have an error in your SQL syntax; check the manual that corresponds to your MariaDB server version for the right syntax to use near 'EWS_Exception' with message 'SOAP client returned status of 401' in /usr/local/a' at line 1' 
#1 /www/LJL/Html/Blog_cui/index.php(49):
LJL_Controller_Front::run()  
#2 /www/LJL/LJL/Controller/Front.php(65):
Blog_Page_Ajax_Comment->doComment(Object(LJL_Request), Object(LJL_Response))  
#3 /www/LJL/App/Blog/Page/Ajax/Comment.php(43):
Helper_Blog::insertComment(array)  
#4 /www/LJL/Helper/Blog.php(496):
LJL_Abstract_Pdo->query('INSERT INTO blog_comment(`articleId`,`user`,`touser`,`time`,`comment`) VALUES('10','熊猫','','1454472944','Fatal error: Uncaught exception 'EWS_Exception' with message 'SOAP client returned status of 401' in /usr/local/apache2/htdocs/typt/php-ews/ExchangeWebServices.php:1227 Stack trace: #0')')  
#5 /www/LJL/LJL/Abstract/Pdo.php(267):
trigger_error('You have an error in your SQL syntax; check the manual that corresponds to your MariaDB server version for the right syntax to use near 'EWS_Exception' with message 'SOAP client returned status of 401' in /usr/local/a' at line 1', '512')  
Debug Info:
263                     sleep($reconnectNum);

264                 }

265                 return $this-&gt;query($sql);

266             }

 >>267 			trigger_error($error[2], E_USER_WARNING);

268 		}

269         $reconnectNum = 0;

270 

271 		#添加日志功能

272 		if(IS_DEBUGGING &amp;&amp; isset ($_SERVER[&quot;REQUEST_URI&quot;])){


===========================================================================
time:2016/02/03 12:17:05

Error Info:
MESSAGE: You have an error in your SQL syntax; check the manual that corresponds to your MariaDB server version for the right syntax to use near 'EWS_Exception' with message 'SOAP client returned status of 401' 然后我' at line 1
TYPE: User Warning
FILE: /www/LJL/LJL/Abstract/Pdo.php
LINE: 267

Stack trace:
Exception 'LJL_Error' with message 'You have an error in your SQL syntax; check the manual that corresponds to your MariaDB server version for the right syntax to use near 'EWS_Exception' with message 'SOAP client returned status of 401' 然后我' at line 1' 
#1 /www/LJL/Html/Blog_cui/index.php(49):
LJL_Controller_Front::run()  
#2 /www/LJL/LJL/Controller/Front.php(65):
Blog_Page_Ajax_Comment->doComment(Object(LJL_Request), Object(LJL_Response))  
#3 /www/LJL/App/Blog/Page/Ajax/Comment.php(43):
Helper_Blog::insertComment(array)  
#4 /www/LJL/Helper/Blog.php(496):
LJL_Abstract_Pdo->query('INSERT INTO blog_comment(`articleId`,`user`,`touser`,`time`,`comment`) VALUES('10','熊猫','','1454473025','最主要错误是'EWS_Exception' with message 'SOAP client returned status of 401' 然后我追溯php-ews里面的继承方法。最后找到Exchange.php中调用父类parent::__construct($wsdl, $options); 时无法继续调试')')  
#5 /www/LJL/LJL/Abstract/Pdo.php(267):
trigger_error('You have an error in your SQL syntax; check the manual that corresponds to your MariaDB server version for the right syntax to use near 'EWS_Exception' with message 'SOAP client returned status of 401' 然后我' at line 1', '512')  
Debug Info:
263                     sleep($reconnectNum);

264                 }

265                 return $this-&gt;query($sql);

266             }

 >>267 			trigger_error($error[2], E_USER_WARNING);

268 		}

269         $reconnectNum = 0;

270 

271 		#添加日志功能

272 		if(IS_DEBUGGING &amp;&amp; isset ($_SERVER[&quot;REQUEST_URI&quot;])){


===========================================================================
time:2016/02/03 12:17:37

Error Info:
MESSAGE: You have an error in your SQL syntax; check the manual that corresponds to your MariaDB server version for the right syntax to use near 'EWS_Exception' with message 'SOAP client returned status of 401'')' at line 1
TYPE: User Warning
FILE: /www/LJL/LJL/Abstract/Pdo.php
LINE: 267

Stack trace:
Exception 'LJL_Error' with message 'You have an error in your SQL syntax; check the manual that corresponds to your MariaDB server version for the right syntax to use near 'EWS_Exception' with message 'SOAP client returned status of 401'')' at line 1' 
#1 /www/LJL/Html/Blog_cui/index.php(49):
LJL_Controller_Front::run()  
#2 /www/LJL/LJL/Controller/Front.php(65):
Blog_Page_Ajax_Comment->doComment(Object(LJL_Request), Object(LJL_Response))  
#3 /www/LJL/App/Blog/Page/Ajax/Comment.php(43):
Helper_Blog::insertComment(array)  
#4 /www/LJL/Helper/Blog.php(496):
LJL_Abstract_Pdo->query('INSERT INTO blog_comment(`articleId`,`user`,`touser`,`time`,`comment`) VALUES('10','熊猫','','1454473057','Fatal error: Uncaught exception 'EWS_Exception' with message 'SOAP client returned status of 401'')')  
#5 /www/LJL/LJL/Abstract/Pdo.php(267):
trigger_error('You have an error in your SQL syntax; check the manual that corresponds to your MariaDB server version for the right syntax to use near 'EWS_Exception' with message 'SOAP client returned status of 401'')' at line 1', '512')  
Debug Info:
263                     sleep($reconnectNum);

264                 }

265                 return $this-&gt;query($sql);

266             }

 >>267 			trigger_error($error[2], E_USER_WARNING);

268 		}

269         $reconnectNum = 0;

270 

271 		#添加日志功能

272 		if(IS_DEBUGGING &amp;&amp; isset ($_SERVER[&quot;REQUEST_URI&quot;])){


===========================================================================
time:2016/02/03 20:38:05

Error Info:
MESSAGE: $template dose not empty!
TYPE: User Notice
FILE: /www/LJL/LJL/Response.php
LINE: 219

Stack trace:
Exception 'LJL_Error' with message '$template dose not empty!' 
#1 /www/LJL/Html/Blog_cui/index.php(49):
LJL_Controller_Front::run()  
#2 /www/LJL/LJL/Controller/Front.php(81):
LJL_Response->display()  
#3 /www/LJL/LJL/Response.php(274):
LJL_Response->fetch()  
#4 /www/LJL/LJL/Response.php(219):
trigger_error('$template dose not empty!')  
Debug Info:
215 	public function fetch()

216 	{

217 		if ('' == $this-&gt;getTemplate())

218 		{

 >>219 			trigger_error('$template dose not empty!');

220 

221 			return false;

222 		}

223 		$view = new LJL_View_Simple($this);

224 		//var_dump($view-&gt;render());die;


===========================================================================
time:2016/02/03 20:38:14

Error Info:
MESSAGE: $template dose not empty!
TYPE: User Notice
FILE: /www/LJL/LJL/Response.php
LINE: 219

Stack trace:
Exception 'LJL_Error' with message '$template dose not empty!' 
#1 /www/LJL/Html/Blog_cui/index.php(49):
LJL_Controller_Front::run()  
#2 /www/LJL/LJL/Controller/Front.php(81):
LJL_Response->display()  
#3 /www/LJL/LJL/Response.php(274):
LJL_Response->fetch()  
#4 /www/LJL/LJL/Response.php(219):
trigger_error('$template dose not empty!')  
Debug Info:
215 	public function fetch()

216 	{

217 		if ('' == $this-&gt;getTemplate())

218 		{

 >>219 			trigger_error('$template dose not empty!');

220 

221 			return false;

222 		}

223 		$view = new LJL_View_Simple($this);

224 		//var_dump($view-&gt;render());die;
