

===========================================================================
time:2016/02/16 14:07:46

Stack trace:
Exception 'LJL' with message 'The file dose not exist: '/www/LJL/Libs/Global/PageHtml.php'' 
#1 /www/LJL/Html/Blog_share/index.php(50):
LJL_Controller_Front::run()  
#2 /www/LJL/LJL/Controller/Front.php(65):
Blog_Page_Detail->doDefault(Object(LJL_Request), Object(LJL_Response))  
#3 /www/LJL/App/Blog/Page/Detail.php(74):
LJL_Response->fetchCol('Part/Main/Header')  
#4 /www/LJL/LJL/Response.php(253):
LJL_Abstract_View->render()  
#5 /www/LJL/LJL/Abstract/View.php(62):
LJL_OutputRenderer_PhpStrategy->render(Object(LJL_View_Simple))  
#6 /www/LJL/LJL/OutputRenderer/PhpStrategy.php(19):
include('/www/LJL/App/Blog/Skin/Part/Main/Header.tpl.php')  
#7 /www/LJL/App/Blog/Skin/Part/Main/Header.tpl.php(5):
spl_autoload_call('Libs_Global_PageHtml')  
Debug Info:
151 		}

152 		

153 		if (! file_exists($file))

154 		{

 >>155 			throw new LJL_Exception(&quot;The file dose not exist: '{$file}'&quot;);

156 		}

157 		if (! is_readable($file))

158 		{

159 			throw new LJL_Exception(&quot;The file can not read: '{$file}'&quot;);

160 		}


===========================================================================
time:2016/02/16 14:08:04

Stack trace:
Exception 'LJL' with message 'The file dose not exist: '/www/LJL/Libs/Global/PageHtml.php'' 
#1 /www/LJL/Html/Blog_share/index.php(50):
LJL_Controller_Front::run()  
#2 /www/LJL/LJL/Controller/Front.php(65):
Blog_Page_Detail->doDefault(Object(LJL_Request), Object(LJL_Response))  
#3 /www/LJL/App/Blog/Page/Detail.php(74):
LJL_Response->fetchCol('Part/Main/Header')  
#4 /www/LJL/LJL/Response.php(253):
LJL_Abstract_View->render()  
#5 /www/LJL/LJL/Abstract/View.php(62):
LJL_OutputRenderer_PhpStrategy->render(Object(LJL_View_Simple))  
#6 /www/LJL/LJL/OutputRenderer/PhpStrategy.php(19):
include('/www/LJL/App/Blog/Skin/Part/Main/Header.tpl.php')  
#7 /www/LJL/App/Blog/Skin/Part/Main/Header.tpl.php(5):
spl_autoload_call('Libs_Global_PageHtml')  
Debug Info:
151 		}

152 		

153 		if (! file_exists($file))

154 		{

 >>155 			throw new LJL_Exception(&quot;The file dose not exist: '{$file}'&quot;);

156 		}

157 		if (! is_readable($file))

158 		{

159 			throw new LJL_Exception(&quot;The file can not read: '{$file}'&quot;);

160 		}
