

===========================================================================
time:2015/11/27 13:43:32

Stack trace:
Exception 'LJL' with message 'Class or interface does not exist in loaded file' 
#1 /home/cuihongbo/LJL_DE/Auto/Weixin/index.php(46):
LJL_Controller_Front::run()  
#2 /home/cuihongbo/LJL_DE/LJL/Controller/Front.php(49):
spl_autoload_call('Weixin_Page_Maketoken')  
Debug Info:
165 		include $file;

166 

167 		if (! class_exists($name, false) &amp;&amp; ! interface_exists($name, false))

168 		{

 >>169 			throw new LJL_Exception('Class or interface does not exist in loaded file');

170 		}

171 		if (empty(self::$_loadedClass[$name])) {

172 			self::$_loadedClass[$name] = 0;

173 		}

174 		self::$_loadedClass[$name] ++;


===========================================================================
time:2015/11/27 13:44:13

Stack trace:
Exception 'LJL' with message 'Class or interface does not exist in loaded file' 
#1 /home/cuihongbo/LJL_DE/Auto/Weixin/index.php(46):
LJL_Controller_Front::run()  
#2 /home/cuihongbo/LJL_DE/LJL/Controller/Front.php(49):
spl_autoload_call('Weixin_Page_Maketoken')  
Debug Info:
165 		include $file;

166 

167 		if (! class_exists($name, false) &amp;&amp; ! interface_exists($name, false))

168 		{

 >>169 			throw new LJL_Exception('Class or interface does not exist in loaded file');

170 		}

171 		if (empty(self::$_loadedClass[$name])) {

172 			self::$_loadedClass[$name] = 0;

173 		}

174 		self::$_loadedClass[$name] ++;


===========================================================================
time:2015/11/27 13:44:16

Stack trace:
Exception 'LJL' with message 'Class or interface does not exist in loaded file' 
#1 /home/cuihongbo/LJL_DE/Auto/Weixin/index.php(46):
LJL_Controller_Front::run()  
#2 /home/cuihongbo/LJL_DE/LJL/Controller/Front.php(49):
spl_autoload_call('Weixin_Page_Maketoken')  
Debug Info:
165 		include $file;

166 

167 		if (! class_exists($name, false) &amp;&amp; ! interface_exists($name, false))

168 		{

 >>169 			throw new LJL_Exception('Class or interface does not exist in loaded file');

170 		}

171 		if (empty(self::$_loadedClass[$name])) {

172 			self::$_loadedClass[$name] = 0;

173 		}

174 		self::$_loadedClass[$name] ++;
