now cate is fm tags is Docker now page is 1 end 
now cate is fm tags is Docker now page is 2 end 
now cate is fm tags is Docker now page is 3 end 
now cate is fm tags is Docker now page is 4 end 
now cate is fm tags is Docker now page is 5 end 
now cate is fm tags is Docker now page is 6 end 
now cate is fm tags is Docker now page is 7 end 
now cate is fm tags is Docker now page is 8 end 
now cate is fm tags is Docker now page is 9 end 
now cate is fm tags is Docker now page is 10 end 
now cate is fm tags is Lighttpd now page is 1 end 
now cate is fm tags is Lighttpd now page is 2 end 
now cate is fm tags is Lighttpd now page is 3 end 
now cate is fm tags is Lighttpd now page is 4 end 
now cate is fm tags is Lighttpd now page is 5 end 
now cate is fm tags is Lighttpd now page is 6 end 
now cate is fm tags is Lighttpd now page is 7 end 
now cate is fm tags is Lighttpd now page is 8 end 
now cate is fm tags is Lighttpd now page is 9 end 
now cate is fm tags is Lighttpd now page is 10 end 
now cate is fm tags is HAProxy now page is 1 end 
now cate is fm tags is HAProxy now page is 2 end 
now cate is fm tags is HAProxy now page is 3 end 
now cate is fm tags is HAProxy now page is 4 end 
now cate is fm tags is HAProxy now page is 5 end 
now cate is fm tags is HAProxy now page is 6 end 
now cate is fm tags is HAProxy now page is 7 end 
now cate is fm tags is HAProxy now page is 8 end 
now cate is fm tags is HAProxy now page is 9 end 
now cate is fm tags is HAProxy now page is 10 end 
now cate is fm tags is MapReduce now page is 1 end 
now cate is fm tags is MapReduce now page is 2 end 
now cate is fm tags is MapReduce now page is 3 end 
now cate is fm tags is MapReduce now page is 4 end 
now cate is fm tags is MapReduce now page is 5 end 
now cate is fm tags is MapReduce now page is 6 end 
now cate is fm tags is MapReduce now page is 7 end 
now cate is fm tags is MapReduce now page is 8 end 
now cate is fm tags is MapReduce now page is 9 end 
now cate is fm tags is MapReduce now page is 10 end 
now cate is fm tags is OpenStack now page is 1 end 
now cate is fm tags is OpenStack now page is 2 end 
now cate is fm tags is OpenStack now page is 3 end 
now cate is fm tags is OpenStack now page is 4 end 
now cate is fm tags is OpenStack now page is 5 end 
now cate is fm tags is OpenStack now page is 6 end 
now cate is fm tags is OpenStack now page is 7 end 
now cate is fm tags is OpenStack now page is 8 end 
now cate is fm tags is OpenStack now page is 9 end 
now cate is fm tags is OpenStack now page is 10 end 
now cate is fm tags is RabbitMQ now page is 1 end 
now cate is fm tags is RabbitMQ now page is 2 end 
now cate is fm tags is RabbitMQ now page is 3 end 
now cate is fm tags is RabbitMQ now page is 4 end 
now cate is fm tags is RabbitMQ now page is 5 end 
now cate is fm tags is RabbitMQ now page is 6 end 
now cate is fm tags is RabbitMQ now page is 7 end 
now cate is fm tags is RabbitMQ now page is 8 end 
now cate is fm tags is RabbitMQ now page is 9 end 
now cate is fm tags is RabbitMQ now page is 10 end 
now cate is fm tags is ZooKeeper now page is 1 end 
now cate is fm tags is ZooKeeper now page is 2 end 
now cate is fm tags is ZooKeeper now page is 3 end 
now cate is fm tags is ZooKeeper now page is 4 end 
now cate is fm tags is ZooKeeper now page is 5 end 
now cate is fm tags is ZooKeeper now page is 6 end 
now cate is fm tags is ZooKeeper now page is 7 end 
now cate is fm tags is ZooKeeper now page is 8 end 
now cate is fm tags is ZooKeeper now page is 9 end 
now cate is fm tags is ZooKeeper now page is 10 end 
now cate is fm tags is 软件架构 now page is 1 end 
now cate is fm tags is 软件架构 now page is 2 end 
now cate is fm tags is 软件架构 now page is 3 end 
now cate is fm tags is 软件架构 now page is 4 end 
now cate is fm tags is 软件架构 now page is 5 end 
now cate is fm tags is 软件架构 now page is 6 end 
now cate is fm tags is 软件架构 now page is 7 end 
now cate is fm tags is 软件架构 now page is 8 end 
now cate is fm tags is 软件架构 now page is 9 end 
now cate is fm tags is 软件架构 now page is 10 end 
now cate is fm tags is Kafka now page is 1 end 
now cate is fm tags is Kafka now page is 2 end 
now cate is fm tags is Kafka now page is 3 end 
now cate is fm tags is Kafka now page is 4 end 
now cate is fm tags is Kafka now page is 5 end 
now cate is fm tags is Kafka now page is 6 end 
now cate is fm tags is Kafka now page is 7 end 
now cate is fm tags is Kafka now page is 8 end 
now cate is fm tags is Kafka now page is 9 end 
now cate is fm tags is Kafka now page is 10 end 
now cate is fm tags is Spark now page is 1 end 
now cate is fm tags is Spark now page is 2 end 
now cate is fm tags is Spark now page is 3 end 
now cate is fm tags is Spark now page is 4 end 
now cate is fm tags is Spark now page is 5 end 
now cate is fm tags is Spark now page is 6 end 
now cate is fm tags is Spark now page is 7 end 
now cate is fm tags is Spark now page is 8 end 
now cate is fm tags is Spark now page is 9 end 
now cate is fm tags is Spark now page is 10 end 
now cate is fm tags is 分布式 now page is 1 end 
now cate is fm tags is 分布式 now page is 2 end 
now cate is fm tags is 分布式 now page is 3 end 
now cate is fm tags is 分布式 now page is 4 end 
now cate is fm tags is 分布式 now page is 5 end 
now cate is fm tags is 分布式 now page is 6 end 
now cate is fm tags is 分布式 now page is 7 end 
now cate is fm tags is 分布式 now page is 8 end 
now cate is fm tags is 分布式 now page is 9 end 
now cate is fm tags is 分布式 now page is 10 end 
now cate is fm tags is 缓存系统 now page is 1 end 
now cate is fm tags is 缓存系统 now page is 2 end 
now cate is fm tags is 缓存系统 now page is 3 end 
now cate is fm tags is 缓存系统 now page is 4 end 
now cate is fm tags is 缓存系统 now page is 5 end 
now cate is fm tags is 缓存系统 now page is 6 end 
now cate is fm tags is 缓存系统 now page is 7 end 
now cate is fm tags is 缓存系统 now page is 8 end 
now cate is fm tags is 缓存系统 now page is 9 end 
now cate is fm tags is 缓存系统 now page is 10 end 
now cate is fm tags is 大数据 now page is 1 end 
now cate is fm tags is 大数据 now page is 2 end 
now cate is fm tags is 大数据 now page is 3 end 
now cate is fm tags is 大数据 now page is 4 end 
now cate is fm tags is 大数据 now page is 5 end 
now cate is fm tags is 大数据 now page is 6 end 
now cate is fm tags is 大数据 now page is 7 end 
now cate is fm tags is 大数据 now page is 8 end 
now cate is fm tags is 大数据 now page is 9 end 
now cate is fm tags is 大数据 now page is 10 end 
now cate is fm tags is 大型架构 now page is 1 end 
now cate is fm tags is 大型架构 now page is 2 end 
now cate is fm tags is 大型架构 now page is 3 end 
now cate is fm tags is 大型架构 now page is 4 end 
now cate is fm tags is 大型架构 now page is 5 end 
now cate is fm tags is 大型架构 now page is 6 end 
now cate is fm tags is 大型架构 now page is 7 end 
now cate is fm tags is 大型架构 now page is 8 end 
now cate is fm tags is 大型架构 now page is 9 end 
now cate is fm tags is 大型架构 now page is 10 end 
now cate is fm tags is CDN now page is 1 end 
now cate is fm tags is CDN now page is 2 end 
now cate is fm tags is CDN now page is 5 end 
now cate is fm tags is CDN now page is 6 end 
now cate is fm tags is CDN now page is 7 end 
now cate is fm tags is CDN now page is 8 end 
now cate is fm tags is CDN now page is 9 end 
now cate is fm tags is CDN now page is 10 end 
now cate is fm tags is HDFS now page is 1 end 
now cate is fm tags is HDFS now page is 2 end 
now cate is fm tags is HDFS now page is 3 end 
now cate is fm tags is HDFS now page is 4 end 
now cate is fm tags is HDFS now page is 5 end 
now cate is fm tags is HDFS now page is 6 end 
now cate is fm tags is HDFS now page is 7 end 
now cate is fm tags is HDFS now page is 8 end 
now cate is fm tags is HDFS now page is 9 end 
now cate is fm tags is HDFS now page is 10 end 
now cate is fm tags is Hadoop now page is 1 end 
now cate is fm tags is Hadoop now page is 2 end 
now cate is fm tags is Hadoop now page is 3 end 
now cate is fm tags is Hadoop now page is 4 end 
now cate is fm tags is Hadoop now page is 5 end 
now cate is fm tags is Hadoop now page is 6 end 
now cate is fm tags is Hadoop now page is 7 end 
now cate is fm tags is Hadoop now page is 8 end 
now cate is fm tags is Hadoop now page is 9 end 
now cate is fm tags is Hadoop now page is 10 end 
now cate is fm tags is 云计算 now page is 1 end 
now cate is fm tags is 云计算 now page is 2 end 
now cate is fm tags is 云计算 now page is 3 end 
now cate is fm tags is 云计算 now page is 4 end 
now cate is fm tags is 云计算 now page is 5 end 
now cate is fm tags is 云计算 now page is 6 end 
now cate is fm tags is 云计算 now page is 7 end 
now cate is fm tags is 云计算 now page is 8 end 
now cate is fm tags is 云计算 now page is 9 end 
now cate is fm tags is 云计算 now page is 10 end 
now cate is fm tags is 高并发 now page is 1 end 
now cate is fm tags is 高并发 now page is 2 end 
now cate is fm tags is 高并发 now page is 3 end 
now cate is fm tags is 高并发 now page is 4 end 
now cate is fm tags is 高并发 now page is 5 end 
now cate is fm tags is 高并发 now page is 6 end 
now cate is fm tags is 高并发 now page is 7 end 
now cate is fm tags is 高并发 now page is 8 end 
now cate is fm tags is 高并发 now page is 9 end 
now cate is fm tags is 高并发 now page is 10 end 
now cate is fm tags is 数据分析 now page is 1 end 
now cate is fm tags is 数据分析 now page is 2 end 
now cate is fm tags is 数据分析 now page is 3 end 
now cate is fm tags is 数据分析 now page is 4 end 
now cate is fm tags is 数据分析 now page is 5 end 
now cate is fm tags is 数据分析 now page is 6 end 
now cate is fm tags is 数据分析 now page is 7 end 
now cate is fm tags is 数据分析 now page is 8 end 
now cate is fm tags is 数据分析 now page is 9 end 
now cate is fm tags is 数据分析 now page is 10 end 
now cate is fm tags is 消息队列 now page is 1 end 
now cate is fm tags is 消息队列 now page is 2 end 
now cate is fm tags is 消息队列 now page is 3 end 
now cate is fm tags is 消息队列 now page is 4 end 
now cate is fm tags is 消息队列 now page is 5 end 
now cate is fm tags is 消息队列 now page is 6 end 
now cate is fm tags is 消息队列 now page is 7 end 
now cate is fm tags is 消息队列 now page is 8 end 
now cate is fm tags is 消息队列 now page is 9 end 
now cate is fm tags is 消息队列 now page is 10 end 
now cate is fm tags is 负载均衡 now page is 1 end 
now cate is fm tags is 负载均衡 now page is 2 end 
now cate is fm tags is 负载均衡 now page is 3 end 
now cate is fm tags is 负载均衡 now page is 4 end 
now cate is fm tags is 负载均衡 now page is 5 end 
now cate is fm tags is 负载均衡 now page is 6 end 
now cate is fm tags is 负载均衡 now page is 7 end 
now cate is fm tags is 负载均衡 now page is 8 end 
now cate is fm tags is 负载均衡 now page is 9 end 
now cate is fm tags is 负载均衡 now page is 10 end 
now cate is fm tags is 任务分发 now page is 1 end 
now cate is fm tags is 任务分发 now page is 2 end 
now cate is fm tags is 任务分发 now page is 3 end 
now cate is fm tags is 任务分发 now page is 4 end 
now cate is fm tags is 任务分发 now page is 5 end 
now cate is fm tags is 任务分发 now page is 6 end 
now cate is fm tags is 任务分发 now page is 7 end 
now cate is fm tags is 任务分发 now page is 8 end 
now cate is fm tags is 任务分发 now page is 9 end 
now cate is fm tags is 任务分发 now page is 10 end 
now cate is fm tags is FastDFS now page is 1 end 
now cate is fm tags is FastDFS now page is 2 end 
now cate is fm tags is FastDFS now page is 3 end 
now cate is fm tags is FastDFS now page is 4 end 
now cate is fm tags is FastDFS now page is 5 end 
now cate is fm tags is FastDFS now page is 6 end 
now cate is fm tags is FastDFS now page is 7 end 
now cate is fm tags is FastDFS now page is 8 end 
now cate is fm tags is FastDFS now page is 9 end 
now cate is fm tags is FastDFS now page is 10 end 
now cate is fm tags is 容灾备份 now page is 1 end 
now cate is fm tags is 容灾备份 now page is 2 end 
now cate is fm tags is 容灾备份 now page is 3 end 
now cate is fm tags is 容灾备份 now page is 4 end 
now cate is fm tags is 容灾备份 now page is 5 end 
now cate is fm tags is 容灾备份 now page is 6 end 
now cate is fm tags is 容灾备份 now page is 7 end 
now cate is fm tags is 容灾备份 now page is 8 end 
now cate is fm tags is 容灾备份 now page is 9 end 
now cate is fm tags is 容灾备份 now page is 10 end 
now cate is fm tags is 主从部署 now page is 1 end 
now cate is fm tags is 主从部署 now page is 2 end 
now cate is fm tags is 主从部署 now page is 3 end 
now cate is fm tags is 主从部署 now page is 4 end 
now cate is fm tags is 主从部署 now page is 5 end 
now cate is fm tags is 主从部署 now page is 6 end 
now cate is fm tags is 主从部署 now page is 7 end 
now cate is fm tags is 主从部署 now page is 8 end 
now cate is fm tags is 主从部署 now page is 9 end 
now cate is fm tags is 主从部署 now page is 10 end 
now cate is fm tags is 数据挖掘 now page is 1 end 
now cate is fm tags is 数据挖掘 now page is 2 end 
now cate is fm tags is 数据挖掘 now page is 3 end 
now cate is fm tags is 数据挖掘 now page is 4 end 
now cate is fm tags is 数据挖掘 now page is 5 end 
now cate is fm tags is 数据挖掘 now page is 6 end 
now cate is fm tags is 数据挖掘 now page is 7 end 
now cate is fm tags is 数据挖掘 now page is 8 end 
now cate is fm tags is 数据挖掘 now page is 9 end 
now cate is fm tags is 数据挖掘 now page is 10 end 
now cate is math tags is 数据结构 now page is 1 end 
now cate is math tags is 数据结构 now page is 2 end 
now cate is math tags is 数据结构 now page is 3 end 
now cate is math tags is 数据结构 now page is 4 end 
now cate is math tags is 数据结构 now page is 5 end 
now cate is math tags is 数据结构 now page is 6 end 
now cate is math tags is 数据结构 now page is 7 end 
now cate is math tags is 数据结构 now page is 8 end 
now cate is math tags is 数据结构 now page is 9 end 
now cate is math tags is 数据结构 now page is 10 end 
now cate is math tags is 经典算法 now page is 1 end 
now cate is math tags is 经典算法 now page is 2 end 
now cate is math tags is 经典算法 now page is 3 end 
now cate is math tags is 经典算法 now page is 4 end 
now cate is math tags is 经典算法 now page is 5 end 
now cate is math tags is 经典算法 now page is 6 end 
now cate is math tags is 经典算法 now page is 7 end 
now cate is math tags is 经典算法 now page is 8 end 
now cate is math tags is 经典算法 now page is 9 end 
now cate is math tags is 经典算法 now page is 10 end 
now cate is math tags is 排序算法 now page is 1 end 
now cate is math tags is 排序算法 now page is 2 end 
now cate is math tags is 排序算法 now page is 3 end 
now cate is math tags is 排序算法 now page is 4 end 
now cate is math tags is 排序算法 now page is 5 end 
now cate is math tags is 排序算法 now page is 6 end 
now cate is math tags is 排序算法 now page is 7 end 
now cate is math tags is 排序算法 now page is 8 end 
now cate is math tags is 排序算法 now page is 9 end 
now cate is math tags is 排序算法 now page is 10 end 
now cate is math tags is 时间复杂度 now page is 1 end 
now cate is math tags is 时间复杂度 now page is 2 end 
now cate is math tags is 时间复杂度 now page is 3 end 
now cate is math tags is 时间复杂度 now page is 4 end 
now cate is math tags is 时间复杂度 now page is 5 end 
now cate is math tags is 时间复杂度 now page is 6 end 
now cate is math tags is 时间复杂度 now page is 7 end 
now cate is math tags is 时间复杂度 now page is 8 end 
now cate is math tags is 时间复杂度 now page is 9 end 
now cate is math tags is 时间复杂度 now page is 10 end 
now cate is math tags is 空间复杂度 now page is 1 end 
now cate is math tags is 空间复杂度 now page is 2 end 
now cate is math tags is 空间复杂度 now page is 3 end 
now cate is math tags is 空间复杂度 now page is 4 end 
now cate is math tags is 空间复杂度 now page is 5 end 
now cate is math tags is 空间复杂度 now page is 6 end 
now cate is math tags is 空间复杂度 now page is 7 end 
now cate is math tags is 空间复杂度 now page is 8 end 
now cate is math tags is 空间复杂度 now page is 9 end 
now cate is math tags is 空间复杂度 now page is 10 end 
now cate is math tags is 算法效率 now page is 1 end 
now cate is math tags is 算法效率 now page is 2 end 
now cate is math tags is 算法效率 now page is 3 end 
now cate is math tags is 算法效率 now page is 4 end 
now cate is math tags is 算法效率 now page is 5 end 
now cate is math tags is 算法效率 now page is 6 end 
now cate is math tags is 算法效率 now page is 7 end 
now cate is math tags is 算法效率 now page is 8 end 
now cate is math tags is 算法效率 now page is 9 end 
now cate is math tags is 算法效率 now page is 10 end 
now cate is math tags is 图像算法 now page is 1 end 
now cate is math tags is 图像算法 now page is 2 end 
now cate is math tags is 图像算法 now page is 3 end 
now cate is math tags is 图像算法 now page is 4 end 
now cate is math tags is 图像算法 now page is 5 end 
now cate is math tags is 图像算法 now page is 6 end 
now cate is math tags is 图像算法 now page is 7 end 
now cate is math tags is 图像算法 now page is 8 end 
now cate is math tags is 图像算法 now page is 9 end 
now cate is math tags is 图像算法 now page is 10 end 
now cate is math tags is 人工智能 now page is 1 end 
now cate is math tags is 人工智能 now page is 2 end 
now cate is math tags is 人工智能 now page is 3 end 
now cate is math tags is 人工智能 now page is 4 end 
now cate is math tags is 人工智能 now page is 5 end 
now cate is math tags is 人工智能 now page is 6 end 
now cate is math tags is 人工智能 now page is 7 end 
now cate is math tags is 人工智能 now page is 8 end 
now cate is math tags is 人工智能 now page is 9 end 
now cate is math tags is 人工智能 now page is 10 end 
now cate is math tags is 算法导论 now page is 1 end 
now cate is math tags is 算法导论 now page is 2 end 
now cate is math tags is 算法导论 now page is 3 end 
now cate is math tags is 算法导论 now page is 4 end 
now cate is math tags is 算法导论 now page is 5 end 
now cate is math tags is 算法导论 now page is 6 end 
now cate is math tags is 算法导论 now page is 7 end 
now cate is math tags is 算法导论 now page is 8 end 
now cate is math tags is 算法导论 now page is 9 end 
now cate is math tags is 算法导论 now page is 10 end 
now cate is math tags is 面向对象 now page is 1 end 
now cate is math tags is 面向对象 now page is 2 end 
now cate is math tags is 面向对象 now page is 3 end 
now cate is math tags is 面向对象 now page is 4 end 
now cate is math tags is 面向对象 now page is 5 end 
now cate is math tags is 面向对象 now page is 6 end 
now cate is math tags is 面向对象 now page is 7 end 
now cate is math tags is 面向对象 now page is 8 end 
now cate is math tags is 面向对象 now page is 9 end 
now cate is math tags is 面向对象 now page is 10 end 
now cate is math tags is 设计模式 now page is 1 end 
now cate is math tags is 设计模式 now page is 2 end 
now cate is math tags is 设计模式 now page is 3 end 
now cate is math tags is 设计模式 now page is 4 end 
now cate is math tags is 设计模式 now page is 5 end 
now cate is math tags is 设计模式 now page is 6 end 
now cate is math tags is 设计模式 now page is 7 end 
now cate is math tags is 设计模式 now page is 8 end 
now cate is math tags is 设计模式 now page is 9 end 
now cate is math tags is 设计模式 now page is 10 end 
